<?xml version="1.0" encoding="UTF-8"?>
<testng-results ignored="0" total="1" passed="1" failed="0" skipped="0">
  <reporter-output>
  </reporter-output>
  <suite started-at="2022-11-12T17:26:54 IST" name="Default suite" finished-at="2022-11-12T17:27:03 IST" duration-ms="9285">
    <groups>
    </groups>
    <test started-at="2022-11-12T17:26:54 IST" name="Default test" finished-at="2022-11-12T17:27:03 IST" duration-ms="9285">
      <class name="POMPackage.Scrollup">
        <test-method signature="scrollup()[pri:0, instance:POMPackage.Scrollup@49912c99]" started-at="2022-11-12T17:26:54 IST" name="scrollup" finished-at="2022-11-12T17:27:03 IST" duration-ms="9205" status="PASS">
          <reporter-output>
          </reporter-output>
        </test-method> <!-- scrollup -->
      </class> <!-- POMPackage.Scrollup -->
    </test> <!-- Default test -->
  </suite> <!-- Default suite -->
</testng-results>
